proguard/seeds.txt
com.geeya.wifitv.R$anim: int dialog_miss
com.geeya.wifitv.R$anim: int dialog_show
com.geeya.wifitv.R$anim: int push_left_in
com.geeya.wifitv.R$anim: int push_left_out
com.geeya.wifitv.R$anim: int push_right_in
com.geeya.wifitv.R$anim: int push_right_out
com.geeya.wifitv.R$attr: int animAlphaStart
com.geeya.wifitv.R$attr: int animDuration
com.geeya.wifitv.R$attr: int border_color
com.geeya.wifitv.R$attr: int border_width
com.geeya.wifitv.R$attr: int collapseDrawable
com.geeya.wifitv.R$attr: int currentTabTextColor
com.geeya.wifitv.R$attr: int dividerColor
com.geeya.wifitv.R$attr: int dividerPadding
com.geeya.wifitv.R$attr: int dividerWidth
com.geeya.wifitv.R$attr: int expandDrawable
com.geeya.wifitv.R$attr: int indicatorColor
com.geeya.wifitv.R$attr: int indicatorHeight
com.geeya.wifitv.R$attr: int maxCollapsedLines
com.geeya.wifitv.R$attr: int pstsDividerColor
com.geeya.wifitv.R$attr: int pstsDividerPadding
com.geeya.wifitv.R$attr: int pstsIndicatorColor
com.geeya.wifitv.R$attr: int pstsIndicatorHeight
com.geeya.wifitv.R$attr: int pstsScrollOffset
com.geeya.wifitv.R$attr: int pstsShouldExpand
com.geeya.wifitv.R$attr: int pstsTabBackground
com.geeya.wifitv.R$attr: int pstsTabPaddingLeftRight
com.geeya.wifitv.R$attr: int pstsTextAllCaps
com.geeya.wifitv.R$attr: int pstsUnderlineColor
com.geeya.wifitv.R$attr: int pstsUnderlineHeight
com.geeya.wifitv.R$attr: int scrollOffset
com.geeya.wifitv.R$attr: int shouldExpand
com.geeya.wifitv.R$attr: int single
com.geeya.wifitv.R$attr: int tabBackground
com.geeya.wifitv.R$attr: int tabHeight
com.geeya.wifitv.R$attr: int tabPadding
com.geeya.wifitv.R$attr: int tabTextColor
com.geeya.wifitv.R$attr: int tabTextSize
com.geeya.wifitv.R$attr: int tabWidth
com.geeya.wifitv.R$color: int background_tab_pressed
com.geeya.wifitv.R$color: int bg_titlebar
com.geeya.wifitv.R$color: int black
com.geeya.wifitv.R$color: int black_transparent
com.geeya.wifitv.R$color: int cash_lv_item_bg
com.geeya.wifitv.R$color: int com_sina_weibo_sdk_blue
com.geeya.wifitv.R$color: int com_sina_weibo_sdk_loginview_text_color
com.geeya.wifitv.R$color: int gray_background
com.geeya.wifitv.R$color: int gray_bg
com.geeya.wifitv.R$color: int gray_dividingline
com.geeya.wifitv.R$color: int gray_edge
com.geeya.wifitv.R$color: int gray_gridview_default
com.geeya.wifitv.R$color: int gray_gridview_line
com.geeya.wifitv.R$color: int gray_line
com.geeya.wifitv.R$color: int gray_live_dividing
com.geeya.wifitv.R$color: int gray_select
com.geeya.wifitv.R$color: int gray_setting_text
com.geeya.wifitv.R$color: int gray_stroke
com.geeya.wifitv.R$color: int gray_tabs_text
com.geeya.wifitv.R$color: int gray_text
com.geeya.wifitv.R$color: int gray_text_movie
com.geeya.wifitv.R$color: int green
com.geeya.wifitv.R$color: int home_fragemnt_rl_wifi_non_select
com.geeya.wifitv.R$color: int home_fragemnt_rl_wifi_select
com.geeya.wifitv.R$color: int home_fragemnt_tv_wifi_name
com.geeya.wifitv.R$color: int home_fragemnt_tv_wifi_state
com.geeya.wifitv.R$color: int home_fragment_rl_wifi_title_bg
com.geeya.wifitv.R$color: int join_bt_bg_enable
com.geeya.wifitv.R$color: int join_et_bg_select
com.geeya.wifitv.R$color: int join_star
com.geeya.wifitv.R$color: int join_tv
...
android.support.v4.widget.NestedScrollView$SavedState
android.support.v4.widget.NestedScrollView$SavedState: android.os.Parcelable$Creator CREATOR
android.support.v4.widget.ResourceCursorAdapter
android.support.v4.widget.SearchViewCompatIcs$MySearchView
android.support.v4.widget.SearchViewCompatIcs$MySearchView: SearchViewCompatIcs$MySearchView(android.content.Context)
android.support.v4.widget.SimpleCursorAdapter
android.support.v4.widget.SlidingPaneLayout
android.support.v4.widget.SlidingPaneLayout: SlidingPaneLayout(android.content.Context)
android.support.v4.widget.SlidingPaneLayout: SlidingPaneLayout(android.content.Context,android.util.AttributeSet)
android.support.v4.widget.SlidingPaneLayout: SlidingPaneLayout(android.content.Context,android.util.AttributeSet,int)
android.support.v4.widget.SlidingPaneLayout: void setParallaxDistance(int)
android.support.v4.widget.SlidingPaneLayout: int getParallaxDistance()
android.support.v4.widget.SlidingPaneLayout: void setSliderFadeColor(int)
android.support.v4.widget.SlidingPaneLayout: int getSliderFadeColor()
android.support.v4.widget.SlidingPaneLayout: void setCoveredFadeColor(int)
android.support.v4.widget.SlidingPaneLayout: int getCoveredFadeColor()
android.support.v4.widget.SlidingPaneLayout: void setPanelSlideListener(android.support.v4.widget.SlidingPaneLayout$PanelSlideListener)
android.support.v4.widget.SlidingPaneLayout: void setShadowDrawable(android.graphics.drawable.Drawable)
android.support.v4.widget.SlidingPaneLayout: void setShadowDrawableLeft(android.graphics.drawable.Drawable)
android.support.v4.widget.SlidingPaneLayout: void setShadowDrawableRight(android.graphics.drawable.Drawable)
android.support.v4.widget.SlidingPaneLayout: void setShadowResource(int)
android.support.v4.widget.SlidingPaneLayout: void setShadowResourceLeft(int)
android.support.v4.widget.SlidingPaneLayout: void setShadowResourceRight(int)
android.support.v4.widget.SlidingPaneLayout$LayoutParams
android.support.v4.widget.SlidingPaneLayout$LayoutParams: SlidingPaneLayout$LayoutParams(android.content.Context,android.util.AttributeSet)
android.support.v4.widget.SlidingPaneLayout$SavedState
android.support.v4.widget.SlidingPaneLayout$SavedState: android.os.Parcelable$Creator CREATOR
android.support.v4.widget.SlidingPaneLayout$SimplePanelSlideListener
android.support.v4.widget.Space
android.support.v4.widget.Space: Space(android.content.Context,android.util.AttributeSet,int)
android.support.v4.widget.Space: Space(android.content.Context,android.util.AttributeSet)
android.support.v4.widget.Space: Space(android.content.Context)
android.support.v4.widget.SwipeRefreshLayout
android.support.v4.widget.SwipeRefreshLayout: void setColorViewAlpha(int)
android.support.v4.widget.SwipeRefreshLayout: void setSize(int)
android.support.v4.widget.SwipeRefreshLayout: SwipeRefreshLayout(android.content.Context)
android.support.v4.widget.SwipeRefreshLayout: SwipeRefreshLayout(android.content.Context,android.util.AttributeSet)
android.support.v4.widget.SwipeRefreshLayout: void setOnRefreshListener(android.support.v4.widget.SwipeRefreshLayout$OnRefreshListener)
android.support.v4.widget.SwipeRefreshLayout: void setRefreshing(boolean)
android.support.v4.widget.SwipeRefreshLayout: void setAnimationProgress(float)
android.support.v4.widget.SwipeRefreshLayout: void setProgressBackgroundColor(int)
android.support.v4.widget.SwipeRefreshLayout: void setProgressBackgroundColorSchemeResource(int)
android.support.v4.widget.SwipeRefreshLayout: void setProgressBackgroundColorSchemeColor(int)
android.support.v4.widget.SwipeRefreshLayout: void setColorScheme(int[])
android.support.v4.widget.SwipeRefreshLayout: void setColorSchemeResources(int[])
android.support.v4.widget.SwipeRefreshLayout: void setColorSchemeColors(int[])
android.support.v4.widget.SwipeRefreshLayout: void setDistanceToTriggerSync(int)
android.support.v4.widget.SwipeRefreshLayout: int getProgressCircleDiameter()