proguard/mapping.txt
com.geeya.wifitv.AppConfig -> com.geeya.wifitv.a:
    java.lang.String CLOUD_IP -> a
    java.lang.String URL_LOCATION -> b
    java.lang.String URL_LOGIN -> c
    java.lang.String URL_REGISTER -> d
    java.lang.String URL_CHECKUPDATE -> e
    java.lang.String URL_AD -> f
    java.lang.String API_CHANNELINFO -> g
    java.lang.String API_PROGRAMINFO -> h
    java.lang.String API_PROGRAMDETAIL -> i
    java.lang.String[] PROGRAM_TITLES -> j
    java.lang.String[] COUNPONS_TITLES -> k
    java.lang.String[] PROGRAM_TYPE -> l
    int PROGRAM_PERNUM -> m
    java.lang.String API_USERACTION -> n
    java.lang.String GAME_URL -> o
    java.lang.String APPMARKET_URL -> p
    java.lang.String LIFE_URL -> q
    int ADTYPE_HOME -> r
    int ADTYPE_LIVELIST -> s
    int ADTYPE_SUBTITLE -> t
    int ADTYPE_STARTUP -> u
    int ADTYPE_CORNER -> v
    int ADTYPE_PAUSE -> w
    java.lang.Boolean autoLogin -> x
    java.lang.Boolean autoUpgrade -> y
    71:72:void setAutoLogin(java.lang.Boolean) -> a
    75:75:java.lang.Boolean getAutoLogin() -> a
    79:80:void setAutoCheckUpdate(java.lang.Boolean) -> b
    83:83:java.lang.Boolean getAutoLoginUpdate() -> b
com.geeya.wifitv.AppExceptionHandler -> com.geeya.wifitv.b:
    java.lang.String tag -> a
    java.lang.Thread$UncaughtExceptionHandler defaultHandler -> b
    com.geeya.wifitv.AppExceptionHandler instance -> c
    android.content.Context context -> d
    java.util.Map infos -> e
    52:52:com.geeya.wifitv.AppExceptionHandler getInstance() -> a
    56:59:void init(android.content.Context) -> a
    66:79:void uncaughtException(java.lang.Thread,java.lang.Throwable) -> uncaughtException
    91:107:boolean handleException(java.lang.Throwable) -> a
    120:140:void collectDeviceInfo(android.content.Context) -> b
    151:182:void saveCrashInfo2File(java.lang.Throwable) -> b
    36:36:android.content.Context access$0(com.geeya.wifitv.AppExceptionHandler) -> a
com.geeya.wifitv.AppExceptionHandler$1 -> com.geeya.wifitv.c:
    com.geeya.wifitv.AppExceptionHandler this$0 -> a
    98:101:void run() -> run
com.geeya.wifitv.BuildConfig -> com.geeya.wifitv.d:
    boolean DEBUG -> a
com.geeya.wifitv.R -> com.geeya.wifitv.e:
com.geeya.wifitv.R$anim -> com.geeya.wifitv.e$a:
    int dialog_miss -> dialog_miss
    int dialog_show -> dialog_show
    int push_left_in -> push_left_in
    int push_left_out -> push_left_out
    int push_right_in -> push_right_in
    int push_right_out -> push_right_out
com.geeya.wifitv.R$attr -> com.geeya.wifitv.e$b:
    int animAlphaStart -> animAlphaStart
    int animDuration -> animDuration
    int border_color -> border_color
    int border_width -> border_width
    int collapseDrawable -> collapseDrawable
    int currentTabTextColor -> currentTabTextColor
    int dividerColor -> dividerColor
    int dividerPadding -> dividerPadding
    int dividerWidth -> dividerWidth
    int expandDrawable -> expandDrawable
    int indicatorColor -> indicatorColor
    int indicatorHeight -> indicatorHeight
    int maxCollapsedLines -> maxCollapsedLines
    int pstsDividerColor -> pstsDividerColor
    int pstsDividerPadding -> pstsDividerPadding
    int pstsIndicatorColor -> pstsIndicatorColor
    int pstsIndicatorHeight -> pstsIndicatorHeight
    int pstsScrollOffset -> pstsScrollOffset
    int pstsShouldExpand -> pstsShouldExpand
    int pstsTabBackground -> pstsTabBackground
    int pstsTabPaddingLeftRight -> pstsTabPaddingLeftRight
    int pstsTextAllCaps -> pstsTextAllCaps
    int pstsUnderlineColor -> pstsUnderlineColor
    int pstsUnderlineHeight -> pstsUnderlineHeight
    int scrollOffset -> scrollOffset
    int shouldExpand -> shouldExpand
    int single -> single
    int tabBackground -> tabBackground
    int tabHeight -> tabHeight
    int tabPadding -> tabPadding
    int tabTextColor -> tabTextColor
    int tabTextSize -> tabTextSize
    int tabWidth -> tabWidth
    int textAllCaps -> textAllCaps
    int underlineColor -> underlineColor
...
android.support.v4.widget.EdgeEffectCompatIcs -> android.support.v4.widget.j:
    30:30:java.lang.Object newEdgeEffect(android.content.Context) -> a
    34:35:void setSize(java.lang.Object,int,int) -> a
    38:38:boolean isFinished(java.lang.Object) -> a
    42:43:void finish(java.lang.Object) -> b
    46:47:boolean onPull(java.lang.Object,float) -> a
    51:53:boolean onRelease(java.lang.Object) -> c
    57:58:boolean onAbsorb(java.lang.Object,int) -> a
    62:62:boolean draw(java.lang.Object,android.graphics.Canvas) -> a
android.support.v4.widget.EdgeEffectCompatLollipop -> android.support.v4.widget.k:
    24:25:boolean onPull(java.lang.Object,float,float) -> a
android.support.v4.widget.ExploreByTouchHelper -> android.support.v4.widget.ExploreByTouchHelper:
    int INVALID_ID -> b
    java.lang.String DEFAULT_CLASS_NAME -> c
    android.graphics.Rect mTempScreenRect -> d
    android.graphics.Rect mTempParentRect -> e
    android.graphics.Rect mTempVisibleRect -> f
    int[] mTempGlobalRect -> g
    android.view.accessibility.AccessibilityManager mManager -> h
    android.view.View mView -> i
    android.support.v4.widget.ExploreByTouchHelper$ExploreByTouchNodeProvider mNodeProvider -> j
    int mFocusedVirtualViewId -> k
    int mHoveredVirtualViewId -> l
    107:110:android.support.v4.view.accessibility.AccessibilityNodeProviderCompat getAccessibilityNodeProvider(android.view.View) -> a
    133:151:boolean dispatchHoverEvent(android.view.MotionEvent) -> a
    173:183:boolean sendEventForVirtualView(int,int) -> a
    194:195:void invalidateRoot() -> b
    207:209:void invalidateVirtualView(int) -> a
    218:218:int getFocusedVirtualView() -> c
    230:242:void updateHoveredVirtualView(int) -> b
    255:259:android.view.accessibility.AccessibilityEvent createEvent(int,int) -> b
    271:273:android.view.accessibility.AccessibilityEvent createEventForHost(int) -> c
    287:306:android.view.accessibility.AccessibilityEvent createEventForChild(int,int) -> c
    320:324:android.support.v4.view.accessibility.AccessibilityNodeInfoCompat createNode(int) -> d
android.support.v4.widget.ExploreByTouchHelper$1 -> android.support.v4.widget.ExploreByTouchHelper$1:
android.support.v4.widget.ExploreByTouchHelper$ExploreByTouchNodeProvider -> android.support.v4.widget.ExploreByTouchHelper$a:
    android.support.v4.widget.ExploreByTouchHelper this$0 -> a
    717:717:android.support.v4.view.accessibility.AccessibilityNodeInfoCompat createAccessibilityNodeInfo(int) -> a
    722:722:boolean performAction(int,int,android.os.Bundle) -> a
android.support.v4.widget.ListPopupWindowCompat -> android.support.v4.widget.l:
    android.support.v4.widget.ListPopupWindowCompat$ListPopupWindowImpl IMPL -> a
    97:97:android.view.View$OnTouchListener createDragToOpenListener(java.lang.Object,android.view.View) -> a
android.support.v4.widget.ListPopupWindowCompat$BaseListPopupWindowImpl -> android.support.v4.widget.l$a:
    40:40:android.view.View$OnTouchListener createDragToOpenListener(java.lang.Object,android.view.View) -> a
android.support.v4.widget.ListPopupWindowCompat$KitKatListPopupWindowImpl -> android.support.v4.widget.l$b:
    50:50:android.view.View$OnTouchListener createDragToOpenListener(java.lang.Object,android.view.View) -> a
android.support.v4.widget.ListPopupWindowCompat$ListPopupWindowImpl -> android.support.v4.widget.l$c:
    android.view.View$OnTouchListener createDragToOpenListener(java.lang.Object,android.view.View) -> a
android.support.v4.widget.ListPopupWindowCompatKitKat -> android.support.v4.widget.m:
    28:28:android.view.View$OnTouchListener createDragToOpenListener(java.lang.Object,android.view.View) -> a
android.support.v4.widget.ListViewAutoScrollHelper -> android.support.v4.widget.ListViewAutoScrollHelper:
    android.widget.ListView mTarget -> g
    37:50:void scrollTargetBy(int,int) -> a
    55:55:boolean canTargetScrollHorizontally(int) -> e
    60:92:boolean canTargetScrollVertically(int) -> f